mode: set
github.com/Alterra-DataOn-Kelompok-5/employee-service/internal/app/auth/handler.go:15.46,19.2 1 1
github.com/Alterra-DataOn-Kelompok-5/employee-service/internal/app/auth/handler.go:21.65,23.40 2 1
github.com/Alterra-DataOn-Kelompok-5/employee-service/internal/app/auth/handler.go:26.2,26.44 1 1
github.com/Alterra-DataOn-Kelompok-5/employee-service/internal/app/auth/handler.go:30.2,31.16 2 1
github.com/Alterra-DataOn-Kelompok-5/employee-service/internal/app/auth/handler.go:35.2,35.46 1 1
github.com/Alterra-DataOn-Kelompok-5/employee-service/internal/app/auth/handler.go:23.40,25.3 1 0
github.com/Alterra-DataOn-Kelompok-5/employee-service/internal/app/auth/handler.go:26.44,28.3 1 1
github.com/Alterra-DataOn-Kelompok-5/employee-service/internal/app/auth/handler.go:31.16,33.3 1 1
github.com/Alterra-DataOn-Kelompok-5/employee-service/internal/app/auth/handler.go:38.68,40.40 2 1
github.com/Alterra-DataOn-Kelompok-5/employee-service/internal/app/auth/handler.go:43.2,43.44 1 1
github.com/Alterra-DataOn-Kelompok-5/employee-service/internal/app/auth/handler.go:46.2,49.16 3 1
github.com/Alterra-DataOn-Kelompok-5/employee-service/internal/app/auth/handler.go:53.2,53.46 1 1
github.com/Alterra-DataOn-Kelompok-5/employee-service/internal/app/auth/handler.go:40.40,42.3 1 0
github.com/Alterra-DataOn-Kelompok-5/employee-service/internal/app/auth/handler.go:43.44,45.3 1 1
github.com/Alterra-DataOn-Kelompok-5/employee-service/internal/app/auth/handler.go:49.16,51.3 1 1
github.com/Alterra-DataOn-Kelompok-5/employee-service/internal/app/auth/route.go:7.40,10.2 2 0
github.com/Alterra-DataOn-Kelompok-5/employee-service/internal/app/auth/service.go:25.45,29.2 1 1
github.com/Alterra-DataOn-Kelompok-5/employee-service/internal/app/auth/service.go:31.142,35.16 3 1
github.com/Alterra-DataOn-Kelompok-5/employee-service/internal/app/auth/service.go:42.2,42.69 1 1
github.com/Alterra-DataOn-Kelompok-5/employee-service/internal/app/auth/service.go:49.2,51.16 3 1
github.com/Alterra-DataOn-Kelompok-5/employee-service/internal/app/auth/service.go:58.2,67.20 2 1
github.com/Alterra-DataOn-Kelompok-5/employee-service/internal/app/auth/service.go:35.16,36.39 1 1
github.com/Alterra-DataOn-Kelompok-5/employee-service/internal/app/auth/service.go:39.3,39.79 1 0
github.com/Alterra-DataOn-Kelompok-5/employee-service/internal/app/auth/service.go:36.39,38.4 1 1
github.com/Alterra-DataOn-Kelompok-5/employee-service/internal/app/auth/service.go:42.69,47.3 1 1
github.com/Alterra-DataOn-Kelompok-5/employee-service/internal/app/auth/service.go:51.16,56.3 1 0
github.com/Alterra-DataOn-Kelompok-5/employee-service/internal/app/auth/service.go:70.147,73.16 3 1
github.com/Alterra-DataOn-Kelompok-5/employee-service/internal/app/auth/service.go:76.2,76.13 1 1
github.com/Alterra-DataOn-Kelompok-5/employee-service/internal/app/auth/service.go:80.2,81.16 2 1
github.com/Alterra-DataOn-Kelompok-5/employee-service/internal/app/auth/service.go:84.2,87.16 3 1
github.com/Alterra-DataOn-Kelompok-5/employee-service/internal/app/auth/service.go:91.2,93.16 3 1
github.com/Alterra-DataOn-Kelompok-5/employee-service/internal/app/auth/service.go:100.2,109.20 2 1
github.com/Alterra-DataOn-Kelompok-5/employee-service/internal/app/auth/service.go:73.16,75.3 1 0
github.com/Alterra-DataOn-Kelompok-5/employee-service/internal/app/auth/service.go:76.13,78.3 1 1
github.com/Alterra-DataOn-Kelompok-5/employee-service/internal/app/auth/service.go:81.16,83.3 1 0
github.com/Alterra-DataOn-Kelompok-5/employee-service/internal/app/auth/service.go:87.16,89.3 1 0
github.com/Alterra-DataOn-Kelompok-5/employee-service/internal/app/auth/service.go:93.16,98.3 1 0
github.com/Alterra-DataOn-Kelompok-5/employee-service/internal/app/division/route.go:10.40,17.2 6 0
github.com/Alterra-DataOn-Kelompok-5/employee-service/internal/app/division/service.go:27.45,31.2 1 1
github.com/Alterra-DataOn-Kelompok-5/employee-service/internal/app/division/service.go:33.136,35.16 2 1
github.com/Alterra-DataOn-Kelompok-5/employee-service/internal/app/division/service.go:39.2,41.37 2 1
github.com/Alterra-DataOn-Kelompok-5/employee-service/internal/app/division/service.go:49.2,53.20 4 1
github.com/Alterra-DataOn-Kelompok-5/employee-service/internal/app/division/service.go:35.16,37.3 1 0
github.com/Alterra-DataOn-Kelompok-5/employee-service/internal/app/division/service.go:41.37,47.3 1 1
github.com/Alterra-DataOn-Kelompok-5/employee-service/internal/app/division/service.go:55.109,58.16 3 1
github.com/Alterra-DataOn-Kelompok-5/employee-service/internal/app/division/service.go:65.2,68.21 3 1
github.com/Alterra-DataOn-Kelompok-5/employee-service/internal/app/division/service.go:58.16,59.39 1 1
github.com/Alterra-DataOn-Kelompok-5/employee-service/internal/app/division/service.go:62.3,62.96 1 0
github.com/Alterra-DataOn-Kelompok-5/employee-service/internal/app/division/service.go:59.39,61.4 1 1
github.com/Alterra-DataOn-Kelompok-5/employee-service/internal/app/division/service.go:71.117,74.16 3 1
github.com/Alterra-DataOn-Kelompok-5/employee-service/internal/app/division/service.go:77.2,77.13 1 1
github.com/Alterra-DataOn-Kelompok-5/employee-service/internal/app/division/service.go:81.2,82.16 2 1
github.com/Alterra-DataOn-Kelompok-5/employee-service/internal/app/division/service.go:86.2,89.21 3 1
github.com/Alterra-DataOn-Kelompok-5/employee-service/internal/app/division/service.go:74.16,76.3 1 0
github.com/Alterra-DataOn-Kelompok-5/employee-service/internal/app/division/service.go:77.13,79.3 1 1
github.com/Alterra-DataOn-Kelompok-5/employee-service/internal/app/division/service.go:82.16,84.3 1 0
github.com/Alterra-DataOn-Kelompok-5/employee-service/internal/app/division/service.go:92.122,94.16 2 1
github.com/Alterra-DataOn-Kelompok-5/employee-service/internal/app/division/service.go:101.2,102.16 2 1
github.com/Alterra-DataOn-Kelompok-5/employee-service/internal/app/division/service.go:105.2,109.21 4 1
github.com/Alterra-DataOn-Kelompok-5/employee-service/internal/app/division/service.go:94.16,95.39 1 1
github.com/Alterra-DataOn-Kelompok-5/employee-service/internal/app/division/service.go:98.3,98.96 1 0
github.com/Alterra-DataOn-Kelompok-5/employee-service/internal/app/division/service.go:95.39,97.4 1 1
github.com/Alterra-DataOn-Kelompok-5/employee-service/internal/app/division/service.go:102.16,104.3 1 0
github.com/Alterra-DataOn-Kelompok-5/employee-service/internal/app/division/service.go:111.118,113.16 2 1
github.com/Alterra-DataOn-Kelompok-5/employee-service/internal/app/division/service.go:119.2,120.16 2 1
github.com/Alterra-DataOn-Kelompok-5/employee-service/internal/app/division/service.go:124.2,134.20 2 1
github.com/Alterra-DataOn-Kelompok-5/employee-service/internal/app/division/service.go:113.16,114.39 1 1
github.com/Alterra-DataOn-Kelompok-5/employee-service/internal/app/division/service.go:117.3,117.103 1 0
github.com/Alterra-DataOn-Kelompok-5/employee-service/internal/app/division/service.go:114.39,116.4 1 1
github.com/Alterra-DataOn-Kelompok-5/employee-service/internal/app/division/service.go:120.16,122.3 1 0
github.com/Alterra-DataOn-Kelompok-5/employee-service/internal/app/division/handler.go:19.46,23.2 1 1
github.com/Alterra-DataOn-Kelompok-5/employee-service/internal/app/division/handler.go:25.45,28.16 3 1
github.com/Alterra-DataOn-Kelompok-5/employee-service/internal/app/division/handler.go:32.2,35.40 3 1
github.com/Alterra-DataOn-Kelompok-5/employee-service/internal/app/division/handler.go:39.2,39.44 1 1
github.com/Alterra-DataOn-Kelompok-5/employee-service/internal/app/division/handler.go:43.2,44.16 2 1
github.com/Alterra-DataOn-Kelompok-5/employee-service/internal/app/division/handler.go:48.2,48.118 1 1
github.com/Alterra-DataOn-Kelompok-5/employee-service/internal/app/division/handler.go:28.16,30.3 1 1
github.com/Alterra-DataOn-Kelompok-5/employee-service/internal/app/division/handler.go:35.40,37.3 1 1
github.com/Alterra-DataOn-Kelompok-5/employee-service/internal/app/division/handler.go:39.44,41.3 1 0
github.com/Alterra-DataOn-Kelompok-5/employee-service/internal/app/division/handler.go:44.16,46.3 1 0
github.com/Alterra-DataOn-Kelompok-5/employee-service/internal/app/division/handler.go:51.49,54.16 3 1
github.com/Alterra-DataOn-Kelompok-5/employee-service/internal/app/division/handler.go:58.2,61.40 3 1
github.com/Alterra-DataOn-Kelompok-5/employee-service/internal/app/division/handler.go:64.2,64.44 1 1
github.com/Alterra-DataOn-Kelompok-5/employee-service/internal/app/division/handler.go:68.2,69.16 2 1
github.com/Alterra-DataOn-Kelompok-5/employee-service/internal/app/division/handler.go:73.2,73.44 1 1
github.com/Alterra-DataOn-Kelompok-5/employee-service/internal/app/division/handler.go:54.16,56.3 1 1
github.com/Alterra-DataOn-Kelompok-5/employee-service/internal/app/division/handler.go:61.40,63.3 1 1
github.com/Alterra-DataOn-Kelompok-5/employee-service/internal/app/division/handler.go:64.44,66.3 1 0
github.com/Alterra-DataOn-Kelompok-5/employee-service/internal/app/division/handler.go:69.16,71.3 1 1
github.com/Alterra-DataOn-Kelompok-5/employee-service/internal/app/division/handler.go:76.52,79.16 3 1
github.com/Alterra-DataOn-Kelompok-5/employee-service/internal/app/division/handler.go:83.2,86.40 3 1
github.com/Alterra-DataOn-Kelompok-5/employee-service/internal/app/division/handler.go:89.2,89.44 1 1
github.com/Alterra-DataOn-Kelompok-5/employee-service/internal/app/division/handler.go:92.2,93.16 2 1
github.com/Alterra-DataOn-Kelompok-5/employee-service/internal/app/division/handler.go:97.2,97.44 1 1
github.com/Alterra-DataOn-Kelompok-5/employee-service/internal/app/division/handler.go:79.16,81.3 1 1
github.com/Alterra-DataOn-Kelompok-5/employee-service/internal/app/division/handler.go:86.40,88.3 1 1
github.com/Alterra-DataOn-Kelompok-5/employee-service/internal/app/division/handler.go:89.44,91.3 1 0
github.com/Alterra-DataOn-Kelompok-5/employee-service/internal/app/division/handler.go:93.16,95.3 1 1
github.com/Alterra-DataOn-Kelompok-5/employee-service/internal/app/division/handler.go:100.52,103.16 3 1
github.com/Alterra-DataOn-Kelompok-5/employee-service/internal/app/division/handler.go:107.2,110.40 3 1
github.com/Alterra-DataOn-Kelompok-5/employee-service/internal/app/division/handler.go:113.2,113.44 1 1
github.com/Alterra-DataOn-Kelompok-5/employee-service/internal/app/division/handler.go:116.2,117.16 2 1
github.com/Alterra-DataOn-Kelompok-5/employee-service/internal/app/division/handler.go:121.2,121.44 1 1
github.com/Alterra-DataOn-Kelompok-5/employee-service/internal/app/division/handler.go:103.16,105.3 1 1
github.com/Alterra-DataOn-Kelompok-5/employee-service/internal/app/division/handler.go:110.40,112.3 1 1
github.com/Alterra-DataOn-Kelompok-5/employee-service/internal/app/division/handler.go:113.44,115.3 1 0
github.com/Alterra-DataOn-Kelompok-5/employee-service/internal/app/division/handler.go:117.16,119.3 1 1
github.com/Alterra-DataOn-Kelompok-5/employee-service/internal/app/division/handler.go:124.48,127.16 3 1
github.com/Alterra-DataOn-Kelompok-5/employee-service/internal/app/division/handler.go:131.2,134.40 3 1
github.com/Alterra-DataOn-Kelompok-5/employee-service/internal/app/division/handler.go:137.2,137.44 1 1
github.com/Alterra-DataOn-Kelompok-5/employee-service/internal/app/division/handler.go:141.2,142.16 2 1
github.com/Alterra-DataOn-Kelompok-5/employee-service/internal/app/division/handler.go:146.2,146.46 1 1
github.com/Alterra-DataOn-Kelompok-5/employee-service/internal/app/division/handler.go:127.16,129.3 1 1
github.com/Alterra-DataOn-Kelompok-5/employee-service/internal/app/division/handler.go:134.40,136.3 1 0
github.com/Alterra-DataOn-Kelompok-5/employee-service/internal/app/division/handler.go:137.44,139.3 1 1
github.com/Alterra-DataOn-Kelompok-5/employee-service/internal/app/division/handler.go:142.16,144.3 1 1
github.com/Alterra-DataOn-Kelompok-5/employee-service/internal/app/employee/handler.go:20.46,24.2 1 1
github.com/Alterra-DataOn-Kelompok-5/employee-service/internal/app/employee/handler.go:26.45,29.16 3 1
github.com/Alterra-DataOn-Kelompok-5/employee-service/internal/app/employee/handler.go:33.2,36.40 3 1
github.com/Alterra-DataOn-Kelompok-5/employee-service/internal/app/employee/handler.go:40.2,40.44 1 1
github.com/Alterra-DataOn-Kelompok-5/employee-service/internal/app/employee/handler.go:44.2,45.16 2 1
github.com/Alterra-DataOn-Kelompok-5/employee-service/internal/app/employee/handler.go:49.2,49.118 1 1
github.com/Alterra-DataOn-Kelompok-5/employee-service/internal/app/employee/handler.go:29.16,31.3 1 1
github.com/Alterra-DataOn-Kelompok-5/employee-service/internal/app/employee/handler.go:36.40,38.3 1 1
github.com/Alterra-DataOn-Kelompok-5/employee-service/internal/app/employee/handler.go:40.44,42.3 1 0
github.com/Alterra-DataOn-Kelompok-5/employee-service/internal/app/employee/handler.go:45.16,47.3 1 0
github.com/Alterra-DataOn-Kelompok-5/employee-service/internal/app/employee/handler.go:52.49,55.16 3 1
github.com/Alterra-DataOn-Kelompok-5/employee-service/internal/app/employee/handler.go:59.2,62.40 3 1
github.com/Alterra-DataOn-Kelompok-5/employee-service/internal/app/employee/handler.go:65.2,65.44 1 1
github.com/Alterra-DataOn-Kelompok-5/employee-service/internal/app/employee/handler.go:69.2,70.16 2 1
github.com/Alterra-DataOn-Kelompok-5/employee-service/internal/app/employee/handler.go:74.2,74.44 1 1
github.com/Alterra-DataOn-Kelompok-5/employee-service/internal/app/employee/handler.go:55.16,57.3 1 1
github.com/Alterra-DataOn-Kelompok-5/employee-service/internal/app/employee/handler.go:62.40,64.3 1 1
github.com/Alterra-DataOn-Kelompok-5/employee-service/internal/app/employee/handler.go:65.44,67.3 1 0
github.com/Alterra-DataOn-Kelompok-5/employee-service/internal/app/employee/handler.go:70.16,72.3 1 1
github.com/Alterra-DataOn-Kelompok-5/employee-service/internal/app/employee/handler.go:77.52,80.16 3 1
github.com/Alterra-DataOn-Kelompok-5/employee-service/internal/app/employee/handler.go:84.2,87.40 3 1
github.com/Alterra-DataOn-Kelompok-5/employee-service/internal/app/employee/handler.go:90.2,90.44 1 1
github.com/Alterra-DataOn-Kelompok-5/employee-service/internal/app/employee/handler.go:93.2,94.16 2 1
github.com/Alterra-DataOn-Kelompok-5/employee-service/internal/app/employee/handler.go:98.2,98.44 1 1
github.com/Alterra-DataOn-Kelompok-5/employee-service/internal/app/employee/handler.go:80.16,82.3 1 1
github.com/Alterra-DataOn-Kelompok-5/employee-service/internal/app/employee/handler.go:87.40,89.3 1 1
github.com/Alterra-DataOn-Kelompok-5/employee-service/internal/app/employee/handler.go:90.44,92.3 1 0
github.com/Alterra-DataOn-Kelompok-5/employee-service/internal/app/employee/handler.go:94.16,96.3 1 1
github.com/Alterra-DataOn-Kelompok-5/employee-service/internal/app/employee/handler.go:101.52,104.16 3 1
github.com/Alterra-DataOn-Kelompok-5/employee-service/internal/app/employee/handler.go:108.2,111.40 3 1
github.com/Alterra-DataOn-Kelompok-5/employee-service/internal/app/employee/handler.go:114.2,114.44 1 1
github.com/Alterra-DataOn-Kelompok-5/employee-service/internal/app/employee/handler.go:117.2,118.16 2 1
github.com/Alterra-DataOn-Kelompok-5/employee-service/internal/app/employee/handler.go:122.2,122.44 1 1
github.com/Alterra-DataOn-Kelompok-5/employee-service/internal/app/employee/handler.go:104.16,106.3 1 1
github.com/Alterra-DataOn-Kelompok-5/employee-service/internal/app/employee/handler.go:111.40,113.3 1 1
github.com/Alterra-DataOn-Kelompok-5/employee-service/internal/app/employee/handler.go:114.44,116.3 1 0
github.com/Alterra-DataOn-Kelompok-5/employee-service/internal/app/employee/handler.go:118.16,120.3 1 1
github.com/Alterra-DataOn-Kelompok-5/employee-service/internal/app/employee/route.go:10.40,16.2 5 0
github.com/Alterra-DataOn-Kelompok-5/employee-service/internal/app/employee/service.go:25.45,29.2 1 1
github.com/Alterra-DataOn-Kelompok-5/employee-service/internal/app/employee/service.go:31.136,33.16 2 1
github.com/Alterra-DataOn-Kelompok-5/employee-service/internal/app/employee/service.go:37.2,39.37 2 1
github.com/Alterra-DataOn-Kelompok-5/employee-service/internal/app/employee/service.go:48.2,52.20 4 1
github.com/Alterra-DataOn-Kelompok-5/employee-service/internal/app/employee/service.go:33.16,35.3 1 0
github.com/Alterra-DataOn-Kelompok-5/employee-service/internal/app/employee/service.go:39.37,46.3 1 1
github.com/Alterra-DataOn-Kelompok-5/employee-service/internal/app/employee/service.go:55.115,57.16 2 1
github.com/Alterra-DataOn-Kelompok-5/employee-service/internal/app/employee/service.go:64.2,80.20 2 1
github.com/Alterra-DataOn-Kelompok-5/employee-service/internal/app/employee/service.go:57.16,58.39 1 1
github.com/Alterra-DataOn-Kelompok-5/employee-service/internal/app/employee/service.go:61.3,61.102 1 0
github.com/Alterra-DataOn-Kelompok-5/employee-service/internal/app/employee/service.go:58.39,60.4 1 1
github.com/Alterra-DataOn-Kelompok-5/employee-service/internal/app/employee/service.go:83.128,85.16 2 1
github.com/Alterra-DataOn-Kelompok-5/employee-service/internal/app/employee/service.go:92.2,93.16 2 1
github.com/Alterra-DataOn-Kelompok-5/employee-service/internal/app/employee/service.go:97.2,113.20 2 1
github.com/Alterra-DataOn-Kelompok-5/employee-service/internal/app/employee/service.go:85.16,86.39 1 1
github.com/Alterra-DataOn-Kelompok-5/employee-service/internal/app/employee/service.go:89.3,89.102 1 0
github.com/Alterra-DataOn-Kelompok-5/employee-service/internal/app/employee/service.go:86.39,88.4 1 1
github.com/Alterra-DataOn-Kelompok-5/employee-service/internal/app/employee/service.go:93.16,95.3 1 0
github.com/Alterra-DataOn-Kelompok-5/employee-service/internal/app/employee/service.go:116.118,118.16 2 1
github.com/Alterra-DataOn-Kelompok-5/employee-service/internal/app/employee/service.go:124.2,125.16 2 1
github.com/Alterra-DataOn-Kelompok-5/employee-service/internal/app/employee/service.go:129.2,140.20 2 1
github.com/Alterra-DataOn-Kelompok-5/employee-service/internal/app/employee/service.go:118.16,119.39 1 1
github.com/Alterra-DataOn-Kelompok-5/employee-service/internal/app/employee/service.go:122.3,122.103 1 0
github.com/Alterra-DataOn-Kelompok-5/employee-service/internal/app/employee/service.go:119.39,121.4 1 1
github.com/Alterra-DataOn-Kelompok-5/employee-service/internal/app/employee/service.go:125.16,127.3 1 0
github.com/Alterra-DataOn-Kelompok-5/employee-service/internal/app/role/handler.go:19.46,23.2 1 1
github.com/Alterra-DataOn-Kelompok-5/employee-service/internal/app/role/handler.go:25.45,28.16 3 1
github.com/Alterra-DataOn-Kelompok-5/employee-service/internal/app/role/handler.go:32.2,35.40 3 1
github.com/Alterra-DataOn-Kelompok-5/employee-service/internal/app/role/handler.go:39.2,39.44 1 1
github.com/Alterra-DataOn-Kelompok-5/employee-service/internal/app/role/handler.go:43.2,44.16 2 1
github.com/Alterra-DataOn-Kelompok-5/employee-service/internal/app/role/handler.go:48.2,48.114 1 1
github.com/Alterra-DataOn-Kelompok-5/employee-service/internal/app/role/handler.go:28.16,30.3 1 1
github.com/Alterra-DataOn-Kelompok-5/employee-service/internal/app/role/handler.go:35.40,37.3 1 1
github.com/Alterra-DataOn-Kelompok-5/employee-service/internal/app/role/handler.go:39.44,41.3 1 0
github.com/Alterra-DataOn-Kelompok-5/employee-service/internal/app/role/handler.go:44.16,46.3 1 0
github.com/Alterra-DataOn-Kelompok-5/employee-service/internal/app/role/handler.go:51.49,54.16 3 1
github.com/Alterra-DataOn-Kelompok-5/employee-service/internal/app/role/handler.go:58.2,61.40 3 1
github.com/Alterra-DataOn-Kelompok-5/employee-service/internal/app/role/handler.go:64.2,64.44 1 1
github.com/Alterra-DataOn-Kelompok-5/employee-service/internal/app/role/handler.go:68.2,69.16 2 1
github.com/Alterra-DataOn-Kelompok-5/employee-service/internal/app/role/handler.go:73.2,73.44 1 1
github.com/Alterra-DataOn-Kelompok-5/employee-service/internal/app/role/handler.go:54.16,56.3 1 1
github.com/Alterra-DataOn-Kelompok-5/employee-service/internal/app/role/handler.go:61.40,63.3 1 1
github.com/Alterra-DataOn-Kelompok-5/employee-service/internal/app/role/handler.go:64.44,66.3 1 0
github.com/Alterra-DataOn-Kelompok-5/employee-service/internal/app/role/handler.go:69.16,71.3 1 1
github.com/Alterra-DataOn-Kelompok-5/employee-service/internal/app/role/handler.go:76.52,79.16 3 1
github.com/Alterra-DataOn-Kelompok-5/employee-service/internal/app/role/handler.go:83.2,86.40 3 1
github.com/Alterra-DataOn-Kelompok-5/employee-service/internal/app/role/handler.go:89.2,89.44 1 1
github.com/Alterra-DataOn-Kelompok-5/employee-service/internal/app/role/handler.go:92.2,93.16 2 1
github.com/Alterra-DataOn-Kelompok-5/employee-service/internal/app/role/handler.go:97.2,97.44 1 1
github.com/Alterra-DataOn-Kelompok-5/employee-service/internal/app/role/handler.go:79.16,81.3 1 1
github.com/Alterra-DataOn-Kelompok-5/employee-service/internal/app/role/handler.go:86.40,88.3 1 1
github.com/Alterra-DataOn-Kelompok-5/employee-service/internal/app/role/handler.go:89.44,91.3 1 0
github.com/Alterra-DataOn-Kelompok-5/employee-service/internal/app/role/handler.go:93.16,95.3 1 1
github.com/Alterra-DataOn-Kelompok-5/employee-service/internal/app/role/handler.go:100.52,103.16 3 1
github.com/Alterra-DataOn-Kelompok-5/employee-service/internal/app/role/handler.go:107.2,110.40 3 1
github.com/Alterra-DataOn-Kelompok-5/employee-service/internal/app/role/handler.go:113.2,113.44 1 1
github.com/Alterra-DataOn-Kelompok-5/employee-service/internal/app/role/handler.go:116.2,117.16 2 1
github.com/Alterra-DataOn-Kelompok-5/employee-service/internal/app/role/handler.go:121.2,121.44 1 1
github.com/Alterra-DataOn-Kelompok-5/employee-service/internal/app/role/handler.go:103.16,105.3 1 1
github.com/Alterra-DataOn-Kelompok-5/employee-service/internal/app/role/handler.go:110.40,112.3 1 1
github.com/Alterra-DataOn-Kelompok-5/employee-service/internal/app/role/handler.go:113.44,115.3 1 0
github.com/Alterra-DataOn-Kelompok-5/employee-service/internal/app/role/handler.go:117.16,119.3 1 1
github.com/Alterra-DataOn-Kelompok-5/employee-service/internal/app/role/handler.go:124.48,127.16 3 1
github.com/Alterra-DataOn-Kelompok-5/employee-service/internal/app/role/handler.go:131.2,134.40 3 1
github.com/Alterra-DataOn-Kelompok-5/employee-service/internal/app/role/handler.go:137.2,137.44 1 1
github.com/Alterra-DataOn-Kelompok-5/employee-service/internal/app/role/handler.go:141.2,142.16 2 1
github.com/Alterra-DataOn-Kelompok-5/employee-service/internal/app/role/handler.go:146.2,146.42 1 1
github.com/Alterra-DataOn-Kelompok-5/employee-service/internal/app/role/handler.go:127.16,129.3 1 1
github.com/Alterra-DataOn-Kelompok-5/employee-service/internal/app/role/handler.go:134.40,136.3 1 0
github.com/Alterra-DataOn-Kelompok-5/employee-service/internal/app/role/handler.go:137.44,139.3 1 1
github.com/Alterra-DataOn-Kelompok-5/employee-service/internal/app/role/handler.go:142.16,144.3 1 1
github.com/Alterra-DataOn-Kelompok-5/employee-service/internal/app/role/route.go:10.40,17.2 6 0
github.com/Alterra-DataOn-Kelompok-5/employee-service/internal/app/role/service.go:27.45,31.2 1 1
github.com/Alterra-DataOn-Kelompok-5/employee-service/internal/app/role/service.go:33.132,35.16 2 1
github.com/Alterra-DataOn-Kelompok-5/employee-service/internal/app/role/service.go:39.2,41.29 2 1
github.com/Alterra-DataOn-Kelompok-5/employee-service/internal/app/role/service.go:49.2,53.20 4 1
github.com/Alterra-DataOn-Kelompok-5/employee-service/internal/app/role/service.go:35.16,37.3 1 0
github.com/Alterra-DataOn-Kelompok-5/employee-service/internal/app/role/service.go:41.29,47.3 1 1
github.com/Alterra-DataOn-Kelompok-5/employee-service/internal/app/role/service.go:55.105,58.16 3 1
github.com/Alterra-DataOn-Kelompok-5/employee-service/internal/app/role/service.go:65.2,68.21 3 1
github.com/Alterra-DataOn-Kelompok-5/employee-service/internal/app/role/service.go:58.16,59.39 1 1
github.com/Alterra-DataOn-Kelompok-5/employee-service/internal/app/role/service.go:62.3,62.92 1 0
github.com/Alterra-DataOn-Kelompok-5/employee-service/internal/app/role/service.go:59.39,61.4 1 1
github.com/Alterra-DataOn-Kelompok-5/employee-service/internal/app/role/service.go:71.109,74.16 3 1
github.com/Alterra-DataOn-Kelompok-5/employee-service/internal/app/role/service.go:77.2,77.13 1 1
github.com/Alterra-DataOn-Kelompok-5/employee-service/internal/app/role/service.go:81.2,82.16 2 1
github.com/Alterra-DataOn-Kelompok-5/employee-service/internal/app/role/service.go:86.2,89.21 3 1
github.com/Alterra-DataOn-Kelompok-5/employee-service/internal/app/role/service.go:74.16,76.3 1 0
github.com/Alterra-DataOn-Kelompok-5/employee-service/internal/app/role/service.go:77.13,79.3 1 1
github.com/Alterra-DataOn-Kelompok-5/employee-service/internal/app/role/service.go:82.16,84.3 1 0
github.com/Alterra-DataOn-Kelompok-5/employee-service/internal/app/role/service.go:92.114,94.16 2 1
github.com/Alterra-DataOn-Kelompok-5/employee-service/internal/app/role/service.go:101.2,102.16 2 1
github.com/Alterra-DataOn-Kelompok-5/employee-service/internal/app/role/service.go:105.2,109.21 4 1
github.com/Alterra-DataOn-Kelompok-5/employee-service/internal/app/role/service.go:94.16,95.39 1 1
github.com/Alterra-DataOn-Kelompok-5/employee-service/internal/app/role/service.go:98.3,98.92 1 0
github.com/Alterra-DataOn-Kelompok-5/employee-service/internal/app/role/service.go:95.39,97.4 1 1
github.com/Alterra-DataOn-Kelompok-5/employee-service/internal/app/role/service.go:102.16,104.3 1 0
github.com/Alterra-DataOn-Kelompok-5/employee-service/internal/app/role/service.go:111.114,113.16 2 1
github.com/Alterra-DataOn-Kelompok-5/employee-service/internal/app/role/service.go:119.2,120.16 2 1
github.com/Alterra-DataOn-Kelompok-5/employee-service/internal/app/role/service.go:124.2,134.20 2 1
github.com/Alterra-DataOn-Kelompok-5/employee-service/internal/app/role/service.go:113.16,114.39 1 1
github.com/Alterra-DataOn-Kelompok-5/employee-service/internal/app/role/service.go:117.3,117.99 1 0
github.com/Alterra-DataOn-Kelompok-5/employee-service/internal/app/role/service.go:114.39,116.4 1 1
github.com/Alterra-DataOn-Kelompok-5/employee-service/internal/app/role/service.go:120.16,122.3 1 0
github.com/Alterra-DataOn-Kelompok-5/employee-service/internal/pkg/util/jwttoken.go:20.57,22.44 2 1
github.com/Alterra-DataOn-Kelompok-5/employee-service/internal/pkg/util/jwttoken.go:26.2,26.51 1 1
github.com/Alterra-DataOn-Kelompok-5/employee-service/internal/pkg/util/jwttoken.go:22.44,25.3 2 1
github.com/Alterra-DataOn-Kelompok-5/employee-service/internal/pkg/util/jwttoken.go:29.83,39.2 1 1
github.com/Alterra-DataOn-Kelompok-5/employee-service/internal/pkg/util/jwttoken.go:41.59,44.2 2 1
github.com/Alterra-DataOn-Kelompok-5/employee-service/internal/pkg/util/jwttoken.go:46.63,48.16 2 1
github.com/Alterra-DataOn-Kelompok-5/employee-service/internal/pkg/util/jwttoken.go:51.2,51.84 1 1
github.com/Alterra-DataOn-Kelompok-5/employee-service/internal/pkg/util/jwttoken.go:57.2,57.16 1 1
github.com/Alterra-DataOn-Kelompok-5/employee-service/internal/pkg/util/jwttoken.go:60.2,60.67 1 1
github.com/Alterra-DataOn-Kelompok-5/employee-service/internal/pkg/util/jwttoken.go:48.16,50.3 1 1
github.com/Alterra-DataOn-Kelompok-5/employee-service/internal/pkg/util/jwttoken.go:51.84,52.95 1 1
github.com/Alterra-DataOn-Kelompok-5/employee-service/internal/pkg/util/jwttoken.go:55.3,55.25 1 1
github.com/Alterra-DataOn-Kelompok-5/employee-service/internal/pkg/util/jwttoken.go:52.95,54.4 1 1
github.com/Alterra-DataOn-Kelompok-5/employee-service/internal/pkg/util/jwttoken.go:57.16,59.3 1 1
github.com/Alterra-DataOn-Kelompok-5/employee-service/internal/pkg/util/jwttoken.go:60.67,62.17 2 1
github.com/Alterra-DataOn-Kelompok-5/employee-service/internal/pkg/util/jwttoken.go:66.3,67.66 2 1
github.com/Alterra-DataOn-Kelompok-5/employee-service/internal/pkg/util/jwttoken.go:71.3,71.28 1 1
github.com/Alterra-DataOn-Kelompok-5/employee-service/internal/pkg/util/jwttoken.go:62.17,64.4 1 0
github.com/Alterra-DataOn-Kelompok-5/employee-service/internal/pkg/util/jwttoken.go:67.66,69.4 1 0
github.com/Alterra-DataOn-Kelompok-5/employee-service/internal/pkg/util/jwttoken.go:72.8,74.3 1 0
github.com/Alterra-DataOn-Kelompok-5/employee-service/pkg/util/hash.go:5.76,8.2 2 1
github.com/Alterra-DataOn-Kelompok-5/employee-service/pkg/util/hash.go:10.69,13.2 2 1
github.com/Alterra-DataOn-Kelompok-5/employee-service/pkg/util/util.go:5.42,11.14 3 0
github.com/Alterra-DataOn-Kelompok-5/employee-service/pkg/util/util.go:14.2,14.12 1 0
github.com/Alterra-DataOn-Kelompok-5/employee-service/pkg/util/util.go:11.14,13.3 1 0
github.com/Alterra-DataOn-Kelompok-5/employee-service/pkg/util/validator.go:14.58,15.47 1 0
github.com/Alterra-DataOn-Kelompok-5/employee-service/pkg/util/validator.go:18.2,18.12 1 0
github.com/Alterra-DataOn-Kelompok-5/employee-service/pkg/util/validator.go:15.47,17.3 1 0
